<?xml version="1.0" encoding="UTF-8"?>
<robot generator="Robot 4.1.3 (Python 3.10.2 on win32)" generated="20220322 12:47:29.498" rpa="false" schemaversion="2">
<suite id="s1" name="About Suite" source="D:\ROBOT-SESSION\CAPTION_PROJECT\my_info_suite\about_suite.robot">
<test id="s1-t1" name="TC1">
<kw name="Launch Browser And Navigate To URL" library="CommonFunctionality" type="SETUP">
<if>
<branch type="IF" condition="'${BROWSER_NAME}'=='edge'">
<kw name="Set Local Variable" library="BuiltIn">
<arg>${driver_name}</arg>
<arg>msedgedriver.exe</arg>
<doc>Makes a variable available everywhere within the local scope.</doc>
<status status="NOT RUN" starttime="20220322 12:47:36.184" endtime="20220322 12:47:36.184"/>
</kw>
<status status="NOT RUN" starttime="20220322 12:47:36.184" endtime="20220322 12:47:36.184"/>
</branch>
<branch type="ELSE IF" condition="'${BROWSER_NAME}'== 'ff'">
<kw name="Set Local Variable" library="BuiltIn">
<arg>${driver_name}</arg>
<arg>geckodriver.exe</arg>
<doc>Makes a variable available everywhere within the local scope.</doc>
<status status="NOT RUN" starttime="20220322 12:47:36.184" endtime="20220322 12:47:36.184"/>
</kw>
<status status="NOT RUN" starttime="20220322 12:47:36.184" endtime="20220322 12:47:36.184"/>
</branch>
<branch type="ELSE">
<kw name="Set Local Variable" library="BuiltIn">
<arg>${driver_name}</arg>
<arg>chromedriver.exe</arg>
<doc>Makes a variable available everywhere within the local scope.</doc>
<msg timestamp="20220322 12:47:36.184" level="INFO">${driver_name} = chromedriver.exe</msg>
<status status="PASS" starttime="20220322 12:47:36.184" endtime="20220322 12:47:36.184"/>
</kw>
<status status="PASS" starttime="20220322 12:47:36.184" endtime="20220322 12:47:36.184"/>
</branch>
<status status="PASS" starttime="20220322 12:47:36.184" endtime="20220322 12:47:36.184"/>
</if>
<kw name="Open Browser" library="SeleniumLibrary">
<arg>browser=${BROWSER_NAME}</arg>
<arg>executable_path=${EXECDIR}${/}driver${/}${driver_name}</arg>
<doc>Opens a new browser instance to the optional ``url``.</doc>
<msg timestamp="20220322 12:47:36.184" level="INFO">Opening browser 'chrome' to base url 'None'.</msg>
<status status="PASS" starttime="20220322 12:47:36.184" endtime="20220322 12:47:42.014"/>
</kw>
<kw name="Maximize Browser Window" library="SeleniumLibrary">
<doc>Maximizes current browser window.</doc>
<status status="PASS" starttime="20220322 12:47:42.014" endtime="20220322 12:47:42.198"/>
</kw>
<kw name="Set Selenium Implicit Wait" library="SeleniumLibrary">
<arg>30s</arg>
<doc>Sets the implicit wait value used by Selenium.</doc>
<status status="PASS" starttime="20220322 12:47:42.198" endtime="20220322 12:47:42.198"/>
</kw>
<kw name="Set Screenshot Directory" library="SeleniumLibrary">
<arg>${EXECDIR}${/}screenshot</arg>
<doc>Sets the directory for captured screenshots.</doc>
<status status="PASS" starttime="20220322 12:47:42.198" endtime="20220322 12:47:42.198"/>
</kw>
<kw name="Go To" library="SeleniumLibrary">
<arg>url=${URL}</arg>
<doc>Navigates the current browser window to the provided ``url``.</doc>
<msg timestamp="20220322 12:47:42.214" level="INFO">Opening url 'https://www.saucedemo.com/'</msg>
<status status="PASS" starttime="20220322 12:47:42.214" endtime="20220322 12:47:44.317"/>
</kw>
<status status="PASS" starttime="20220322 12:47:36.184" endtime="20220322 12:47:44.317"/>
</kw>
<kw name="Verify About Template">
<arg>standard_user</arg>
<arg>swati</arg>
<arg>patil</arg>
<arg>l&amp;t</arg>
<arg>sp@gmail.com </arg>
<arg>2-10</arg>
<arg>India</arg>
<arg>3454565758</arg>
<arg>secret_sauce</arg>
<kw name="Input Text" library="SeleniumLibrary">
<arg>id=user-name</arg>
<arg>${username}</arg>
<doc>Types the given ``text`` into the text field identified by ``locator``.</doc>
<msg timestamp="20220322 12:47:44.317" level="INFO">Typing text 'standard_user' into text field 'id=user-name'.</msg>
<status status="PASS" starttime="20220322 12:47:44.317" endtime="20220322 12:47:44.878"/>
</kw>
<kw name="Input Password" library="SeleniumLibrary">
<arg>id=password</arg>
<arg>${p}</arg>
<doc>Types the given password into the text field identified by ``locator``.</doc>
<msg timestamp="20220322 12:47:44.878" level="INFO">Typing password into text field 'id=password'.</msg>
<msg timestamp="20220322 12:47:44.965" level="INFO">Temporally setting log level to: NONE</msg>
<msg timestamp="20220322 12:47:45.082" level="INFO">Log level changed from NONE to INFO.</msg>
<status status="PASS" starttime="20220322 12:47:44.878" endtime="20220322 12:47:45.082"/>
</kw>
<kw name="Click Element" library="SeleniumLibrary">
<arg>id=login-button</arg>
<doc>Click the element identified by ``locator``.</doc>
<msg timestamp="20220322 12:47:45.090" level="INFO">Clicking element 'id=login-button'.</msg>
<status status="PASS" starttime="20220322 12:47:45.082" endtime="20220322 12:47:45.501"/>
</kw>
<kw name="Page Should Contain" library="SeleniumLibrary">
<arg>Products</arg>
<doc>Verifies that current page contains ``text``.</doc>
<msg timestamp="20220322 12:47:45.727" level="INFO">Current page contains text 'Products'.</msg>
<status status="PASS" starttime="20220322 12:47:45.501" endtime="20220322 12:47:45.727"/>
</kw>
<kw name="Capture Page Screenshot" library="SeleniumLibrary">
<doc>Takes a screenshot of the current page and embeds it into a log file.</doc>
<msg timestamp="20220322 12:47:46.608" level="INFO" html="true">&lt;/td&gt;&lt;/tr&gt;&lt;tr&gt;&lt;td colspan="3"&gt;&lt;a href="screenshot/selenium-screenshot-4.png"&gt;&lt;img src="screenshot/selenium-screenshot-4.png" width="800px"&gt;&lt;/a&gt;</msg>
<status status="PASS" starttime="20220322 12:47:45.727" endtime="20220322 12:47:46.608"/>
</kw>
<kw name="Click Element" library="SeleniumLibrary">
<arg>xpath=//*[@id="react-burger-menu-btn"]</arg>
<doc>Click the element identified by ``locator``.</doc>
<msg timestamp="20220322 12:47:46.608" level="INFO">Clicking element 'xpath=//*[@id="react-burger-menu-btn"]'.</msg>
<status status="PASS" starttime="20220322 12:47:46.608" endtime="20220322 12:47:46.712"/>
</kw>
<kw name="Click Element" library="SeleniumLibrary">
<arg>xpath=//*[@id="about_sidebar_link"]</arg>
<doc>Click the element identified by ``locator``.</doc>
<msg timestamp="20220322 12:47:46.712" level="INFO">Clicking element 'xpath=//*[@id="about_sidebar_link"]'.</msg>
<status status="PASS" starttime="20220322 12:47:46.712" endtime="20220322 12:47:52.277"/>
</kw>
<kw name="Click Element" library="SeleniumLibrary">
<arg>id=onetrust-accept-btn-handler</arg>
<doc>Click the element identified by ``locator``.</doc>
<msg timestamp="20220322 12:47:52.277" level="INFO">Clicking element 'id=onetrust-accept-btn-handler'.</msg>
<status status="PASS" starttime="20220322 12:47:52.277" endtime="20220322 12:47:52.621"/>
</kw>
<kw name="Click Element" library="SeleniumLibrary">
<arg>link=Contact</arg>
<doc>Click the element identified by ``locator``.</doc>
<msg timestamp="20220322 12:47:52.621" level="INFO">Clicking element 'link=Contact'.</msg>
<status status="PASS" starttime="20220322 12:47:52.621" endtime="20220322 12:47:53.452"/>
</kw>
<kw name="Click Element" library="SeleniumLibrary">
<arg>xpath=//span[text()="Contact sales"]</arg>
<doc>Click the element identified by ``locator``.</doc>
<msg timestamp="20220322 12:47:53.452" level="INFO">Clicking element 'xpath=//span[text()="Contact sales"]'.</msg>
<status status="PASS" starttime="20220322 12:47:53.452" endtime="20220322 12:47:54.140"/>
</kw>
<kw name="Input Text" library="SeleniumLibrary">
<arg>name=FirstName</arg>
<arg>${firstname}</arg>
<doc>Types the given ``text`` into the text field identified by ``locator``.</doc>
<msg timestamp="20220322 12:47:54.148" level="INFO">Typing text 'swati' into text field 'name=FirstName'.</msg>
<status status="PASS" starttime="20220322 12:47:54.148" endtime="20220322 12:47:58.335"/>
</kw>
<kw name="Input Text" library="SeleniumLibrary">
<arg>name=LastName</arg>
<arg>${lastname}</arg>
<doc>Types the given ``text`` into the text field identified by ``locator``.</doc>
<msg timestamp="20220322 12:47:58.335" level="INFO">Typing text 'patil' into text field 'name=LastName'.</msg>
<status status="PASS" starttime="20220322 12:47:58.335" endtime="20220322 12:47:58.558"/>
</kw>
<kw name="Input Text" library="SeleniumLibrary">
<arg>name=Company</arg>
<arg>${company}</arg>
<doc>Types the given ``text`` into the text field identified by ``locator``.</doc>
<msg timestamp="20220322 12:47:58.558" level="INFO">Typing text 'l&amp;t' into text field 'name=Company'.</msg>
<status status="PASS" starttime="20220322 12:47:58.558" endtime="20220322 12:47:58.742"/>
</kw>
<kw name="Input Text" library="SeleniumLibrary">
<arg>name=Email</arg>
<arg>${business_email}</arg>
<doc>Types the given ``text`` into the text field identified by ``locator``.</doc>
<msg timestamp="20220322 12:47:58.750" level="INFO">Typing text 'sp@gmail.com ' into text field 'name=Email'.</msg>
<status status="PASS" starttime="20220322 12:47:58.742" endtime="20220322 12:47:58.944"/>
</kw>
<kw name="Select From List By Value" library="SeleniumLibrary">
<arg>id=Company_Size__c</arg>
<arg>${company_size}</arg>
<doc>Selects options from selection list ``locator`` by ``values``.</doc>
<msg timestamp="20220322 12:47:58.944" level="INFO">Selecting options from selection list 'id=Company_Size__c' by value 2-10.</msg>
<status status="PASS" starttime="20220322 12:47:58.944" endtime="20220322 12:47:59.104"/>
</kw>
<kw name="Select From List By Value" library="SeleniumLibrary">
<arg>id=Country</arg>
<arg>${country}</arg>
<doc>Selects options from selection list ``locator`` by ``values``.</doc>
<msg timestamp="20220322 12:47:59.104" level="INFO">Selecting options from selection list 'id=Country' by value India.</msg>
<status status="PASS" starttime="20220322 12:47:59.104" endtime="20220322 12:47:59.320"/>
</kw>
<kw name="Input Text" library="SeleniumLibrary">
<arg>xpath=//*[@id="Phone"]</arg>
<arg>${phone_number}</arg>
<doc>Types the given ``text`` into the text field identified by ``locator``.</doc>
<msg timestamp="20220322 12:47:59.320" level="INFO">Typing text '3454565758' into text field 'xpath=//*[@id="Phone"]'.</msg>
<status status="PASS" starttime="20220322 12:47:59.320" endtime="20220322 12:47:59.505"/>
</kw>
<kw name="Input Text" library="SeleniumLibrary">
<arg>xpath=//textarea[@id='How_did_you_hear_about_Sauce_Labs__c']</arg>
<arg>mysore</arg>
<doc>Types the given ``text`` into the text field identified by ``locator``.</doc>
<msg timestamp="20220322 12:47:59.513" level="INFO">Typing text 'mysore' into text field 'xpath=//textarea[@id='How_did_you_hear_about_Sauce_Labs__c']'.</msg>
<status status="PASS" starttime="20220322 12:47:59.505" endtime="20220322 12:47:59.670"/>
</kw>
<status status="PASS" starttime="20220322 12:47:44.317" endtime="20220322 12:47:59.670"/>
</kw>
<kw name="Close Browser" library="SeleniumLibrary" type="TEARDOWN">
<doc>Closes the current browser.</doc>
<status status="PASS" starttime="20220322 12:47:59.678" endtime="20220322 12:48:03.604"/>
</kw>
<status status="PASS" starttime="20220322 12:47:36.169" endtime="20220322 12:48:03.604"/>
</test>
<test id="s1-t2" name="TC1">
<kw name="Launch Browser And Navigate To URL" library="CommonFunctionality" type="SETUP">
<if>
<branch type="IF" condition="'${BROWSER_NAME}'=='edge'">
<kw name="Set Local Variable" library="BuiltIn">
<arg>${driver_name}</arg>
<arg>msedgedriver.exe</arg>
<doc>Makes a variable available everywhere within the local scope.</doc>
<status status="NOT RUN" starttime="20220322 12:48:03.604" endtime="20220322 12:48:03.604"/>
</kw>
<status status="NOT RUN" starttime="20220322 12:48:03.604" endtime="20220322 12:48:03.604"/>
</branch>
<branch type="ELSE IF" condition="'${BROWSER_NAME}'== 'ff'">
<kw name="Set Local Variable" library="BuiltIn">
<arg>${driver_name}</arg>
<arg>geckodriver.exe</arg>
<doc>Makes a variable available everywhere within the local scope.</doc>
<status status="NOT RUN" starttime="20220322 12:48:03.604" endtime="20220322 12:48:03.604"/>
</kw>
<status status="NOT RUN" starttime="20220322 12:48:03.604" endtime="20220322 12:48:03.604"/>
</branch>
<branch type="ELSE">
<kw name="Set Local Variable" library="BuiltIn">
<arg>${driver_name}</arg>
<arg>chromedriver.exe</arg>
<doc>Makes a variable available everywhere within the local scope.</doc>
<msg timestamp="20220322 12:48:03.604" level="INFO">${driver_name} = chromedriver.exe</msg>
<status status="PASS" starttime="20220322 12:48:03.604" endtime="20220322 12:48:03.604"/>
</kw>
<status status="PASS" starttime="20220322 12:48:03.604" endtime="20220322 12:48:03.604"/>
</branch>
<status status="PASS" starttime="20220322 12:48:03.604" endtime="20220322 12:48:03.604"/>
</if>
<kw name="Open Browser" library="SeleniumLibrary">
<arg>browser=${BROWSER_NAME}</arg>
<arg>executable_path=${EXECDIR}${/}driver${/}${driver_name}</arg>
<doc>Opens a new browser instance to the optional ``url``.</doc>
<msg timestamp="20220322 12:48:03.604" level="INFO">Opening browser 'chrome' to base url 'None'.</msg>
<status status="PASS" starttime="20220322 12:48:03.604" endtime="20220322 12:48:07.283"/>
</kw>
<kw name="Maximize Browser Window" library="SeleniumLibrary">
<doc>Maximizes current browser window.</doc>
<status status="PASS" starttime="20220322 12:48:07.283" endtime="20220322 12:48:07.441"/>
</kw>
<kw name="Set Selenium Implicit Wait" library="SeleniumLibrary">
<arg>30s</arg>
<doc>Sets the implicit wait value used by Selenium.</doc>
<status status="PASS" starttime="20220322 12:48:07.441" endtime="20220322 12:48:07.441"/>
</kw>
<kw name="Set Screenshot Directory" library="SeleniumLibrary">
<arg>${EXECDIR}${/}screenshot</arg>
<doc>Sets the directory for captured screenshots.</doc>
<status status="PASS" starttime="20220322 12:48:07.441" endtime="20220322 12:48:07.441"/>
</kw>
<kw name="Go To" library="SeleniumLibrary">
<arg>url=${URL}</arg>
<doc>Navigates the current browser window to the provided ``url``.</doc>
<msg timestamp="20220322 12:48:07.441" level="INFO">Opening url 'https://www.saucedemo.com/'</msg>
<status status="PASS" starttime="20220322 12:48:07.441" endtime="20220322 12:48:07.978"/>
</kw>
<status status="PASS" starttime="20220322 12:48:03.604" endtime="20220322 12:48:07.978"/>
</kw>
<kw name="Verify About Template">
<arg>standard_user</arg>
<arg>usha</arg>
<arg>koti</arg>
<arg>l&amp;t</arg>
<arg>uk@gmail.com</arg>
<arg>2-10</arg>
<arg>India</arg>
<arg>9987656789</arg>
<arg>secret_sauce</arg>
<kw name="Input Text" library="SeleniumLibrary">
<arg>id=user-name</arg>
<arg>${username}</arg>
<doc>Types the given ``text`` into the text field identified by ``locator``.</doc>
<msg timestamp="20220322 12:48:07.986" level="INFO">Typing text 'standard_user' into text field 'id=user-name'.</msg>
<status status="PASS" starttime="20220322 12:48:07.978" endtime="20220322 12:48:08.216"/>
</kw>
<kw name="Input Password" library="SeleniumLibrary">
<arg>id=password</arg>
<arg>${p}</arg>
<doc>Types the given password into the text field identified by ``locator``.</doc>
<msg timestamp="20220322 12:48:08.216" level="INFO">Typing password into text field 'id=password'.</msg>
<msg timestamp="20220322 12:48:08.293" level="INFO">Temporally setting log level to: NONE</msg>
<msg timestamp="20220322 12:48:08.427" level="INFO">Log level changed from NONE to INFO.</msg>
<status status="PASS" starttime="20220322 12:48:08.216" endtime="20220322 12:48:08.427"/>
</kw>
<kw name="Click Element" library="SeleniumLibrary">
<arg>id=login-button</arg>
<doc>Click the element identified by ``locator``.</doc>
<msg timestamp="20220322 12:48:08.427" level="INFO">Clicking element 'id=login-button'.</msg>
<status status="PASS" starttime="20220322 12:48:08.427" endtime="20220322 12:48:08.610"/>
</kw>
<kw name="Page Should Contain" library="SeleniumLibrary">
<arg>Products</arg>
<doc>Verifies that current page contains ``text``.</doc>
<msg timestamp="20220322 12:48:08.642" level="INFO">Current page contains text 'Products'.</msg>
<status status="PASS" starttime="20220322 12:48:08.610" endtime="20220322 12:48:08.642"/>
</kw>
<kw name="Capture Page Screenshot" library="SeleniumLibrary">
<doc>Takes a screenshot of the current page and embeds it into a log file.</doc>
<msg timestamp="20220322 12:48:08.839" level="INFO" html="true">&lt;/td&gt;&lt;/tr&gt;&lt;tr&gt;&lt;td colspan="3"&gt;&lt;a href="screenshot/selenium-screenshot-5.png"&gt;&lt;img src="screenshot/selenium-screenshot-5.png" width="800px"&gt;&lt;/a&gt;</msg>
<status status="PASS" starttime="20220322 12:48:08.642" endtime="20220322 12:48:08.839"/>
</kw>
<kw name="Click Element" library="SeleniumLibrary">
<arg>xpath=//*[@id="react-burger-menu-btn"]</arg>
<doc>Click the element identified by ``locator``.</doc>
<msg timestamp="20220322 12:48:08.839" level="INFO">Clicking element 'xpath=//*[@id="react-burger-menu-btn"]'.</msg>
<status status="PASS" starttime="20220322 12:48:08.839" endtime="20220322 12:48:09.051"/>
</kw>
<kw name="Click Element" library="SeleniumLibrary">
<arg>xpath=//*[@id="about_sidebar_link"]</arg>
<doc>Click the element identified by ``locator``.</doc>
<msg timestamp="20220322 12:48:09.051" level="INFO">Clicking element 'xpath=//*[@id="about_sidebar_link"]'.</msg>
<status status="PASS" starttime="20220322 12:48:09.051" endtime="20220322 12:48:15.182"/>
</kw>
<kw name="Click Element" library="SeleniumLibrary">
<arg>id=onetrust-accept-btn-handler</arg>
<doc>Click the element identified by ``locator``.</doc>
<msg timestamp="20220322 12:48:15.182" level="INFO">Clicking element 'id=onetrust-accept-btn-handler'.</msg>
<status status="PASS" starttime="20220322 12:48:15.182" endtime="20220322 12:48:15.677"/>
</kw>
<kw name="Click Element" library="SeleniumLibrary">
<arg>link=Contact</arg>
<doc>Click the element identified by ``locator``.</doc>
<msg timestamp="20220322 12:48:15.677" level="INFO">Clicking element 'link=Contact'.</msg>
<status status="PASS" starttime="20220322 12:48:15.677" endtime="20220322 12:48:16.285"/>
</kw>
<kw name="Click Element" library="SeleniumLibrary">
<arg>xpath=//span[text()="Contact sales"]</arg>
<doc>Click the element identified by ``locator``.</doc>
<msg timestamp="20220322 12:48:16.293" level="INFO">Clicking element 'xpath=//span[text()="Contact sales"]'.</msg>
<status status="PASS" starttime="20220322 12:48:16.293" endtime="20220322 12:48:18.032"/>
</kw>
<kw name="Input Text" library="SeleniumLibrary">
<arg>name=FirstName</arg>
<arg>${firstname}</arg>
<doc>Types the given ``text`` into the text field identified by ``locator``.</doc>
<msg timestamp="20220322 12:48:18.032" level="INFO">Typing text 'usha' into text field 'name=FirstName'.</msg>
<status status="PASS" starttime="20220322 12:48:18.032" endtime="20220322 12:48:19.967"/>
</kw>
<kw name="Input Text" library="SeleniumLibrary">
<arg>name=LastName</arg>
<arg>${lastname}</arg>
<doc>Types the given ``text`` into the text field identified by ``locator``.</doc>
<msg timestamp="20220322 12:48:19.967" level="INFO">Typing text 'koti' into text field 'name=LastName'.</msg>
<status status="PASS" starttime="20220322 12:48:19.967" endtime="20220322 12:48:20.190"/>
</kw>
<kw name="Input Text" library="SeleniumLibrary">
<arg>name=Company</arg>
<arg>${company}</arg>
<doc>Types the given ``text`` into the text field identified by ``locator``.</doc>
<msg timestamp="20220322 12:48:20.198" level="INFO">Typing text 'l&amp;t' into text field 'name=Company'.</msg>
<status status="PASS" starttime="20220322 12:48:20.198" endtime="20220322 12:48:20.406"/>
</kw>
<kw name="Input Text" library="SeleniumLibrary">
<arg>name=Email</arg>
<arg>${business_email}</arg>
<doc>Types the given ``text`` into the text field identified by ``locator``.</doc>
<msg timestamp="20220322 12:48:20.414" level="INFO">Typing text 'uk@gmail.com' into text field 'name=Email'.</msg>
<status status="PASS" starttime="20220322 12:48:20.414" endtime="20220322 12:48:20.588"/>
</kw>
<kw name="Select From List By Value" library="SeleniumLibrary">
<arg>id=Company_Size__c</arg>
<arg>${company_size}</arg>
<doc>Selects options from selection list ``locator`` by ``values``.</doc>
<msg timestamp="20220322 12:48:20.588" level="INFO">Selecting options from selection list 'id=Company_Size__c' by value 2-10.</msg>
<status status="PASS" starttime="20220322 12:48:20.588" endtime="20220322 12:48:20.724"/>
</kw>
<kw name="Select From List By Value" library="SeleniumLibrary">
<arg>id=Country</arg>
<arg>${country}</arg>
<doc>Selects options from selection list ``locator`` by ``values``.</doc>
<msg timestamp="20220322 12:48:20.724" level="INFO">Selecting options from selection list 'id=Country' by value India.</msg>
<status status="PASS" starttime="20220322 12:48:20.724" endtime="20220322 12:48:20.884"/>
</kw>
<kw name="Input Text" library="SeleniumLibrary">
<arg>xpath=//*[@id="Phone"]</arg>
<arg>${phone_number}</arg>
<doc>Types the given ``text`` into the text field identified by ``locator``.</doc>
<msg timestamp="20220322 12:48:20.884" level="INFO">Typing text '9987656789' into text field 'xpath=//*[@id="Phone"]'.</msg>
<status status="PASS" starttime="20220322 12:48:20.884" endtime="20220322 12:48:21.092"/>
</kw>
<kw name="Input Text" library="SeleniumLibrary">
<arg>xpath=//textarea[@id='How_did_you_hear_about_Sauce_Labs__c']</arg>
<arg>mysore</arg>
<doc>Types the given ``text`` into the text field identified by ``locator``.</doc>
<msg timestamp="20220322 12:48:21.092" level="INFO">Typing text 'mysore' into text field 'xpath=//textarea[@id='How_did_you_hear_about_Sauce_Labs__c']'.</msg>
<status status="PASS" starttime="20220322 12:48:21.092" endtime="20220322 12:48:21.273"/>
</kw>
<status status="PASS" starttime="20220322 12:48:07.978" endtime="20220322 12:48:21.273"/>
</kw>
<kw name="Close Browser" library="SeleniumLibrary" type="TEARDOWN">
<doc>Closes the current browser.</doc>
<status status="PASS" starttime="20220322 12:48:21.281" endtime="20220322 12:48:25.385"/>
</kw>
<status status="PASS" starttime="20220322 12:48:03.604" endtime="20220322 12:48:25.385"/>
</test>
<doc>This suite handles test case related to about details</doc>
<status status="PASS" starttime="20220322 12:47:29.498" endtime="20220322 12:48:25.385"/>
</suite>
<statistics>
<total>
<stat pass="2" fail="0" skip="0">All Tests</stat>
</total>
<tag>
</tag>
<suite>
<stat pass="2" fail="0" skip="0" id="s1" name="About Suite">About Suite</stat>
</suite>
</statistics>
<errors>
<msg timestamp="20220322 12:48:03.604" level="WARN">Multiple test cases with name 'TC1' executed in test suite 'About Suite'.</msg>
</errors>
</robot>
