<?xml version="1.0" encoding="UTF-8"?>
<robot generator="Robot 4.1.3 (Python 3.10.2 on win32)" generated="20220321 15:52:47.831" rpa="false" schemaversion="2">
<suite id="s1" name="About Suite" source="D:\ROBOT-SESSION\CAPTION_PROJECT\my_info_suite\about_suite.robot">
<test id="s1-t1" name="TC1">
<kw name="Launch Browser And Navigate To URL" library="CommonFunctionality" type="SETUP">
<if>
<branch type="IF" condition="'${BROWSER_NAME}'=='edge'">
<kw name="Set Local Variable" library="BuiltIn">
<arg>${driver_name}</arg>
<arg>msedgedriver.exe</arg>
<doc>Makes a variable available everywhere within the local scope.</doc>
<status status="NOT RUN" starttime="20220321 15:52:48.207" endtime="20220321 15:52:48.208"/>
</kw>
<status status="NOT RUN" starttime="20220321 15:52:48.207" endtime="20220321 15:52:48.208"/>
</branch>
<branch type="ELSE IF" condition="'${BROWSER_NAME}'== 'ff'">
<kw name="Set Local Variable" library="BuiltIn">
<arg>${driver_name}</arg>
<arg>geckodriver.exe</arg>
<doc>Makes a variable available everywhere within the local scope.</doc>
<status status="NOT RUN" starttime="20220321 15:52:48.208" endtime="20220321 15:52:48.208"/>
</kw>
<status status="NOT RUN" starttime="20220321 15:52:48.208" endtime="20220321 15:52:48.208"/>
</branch>
<branch type="ELSE">
<kw name="Set Local Variable" library="BuiltIn">
<arg>${driver_name}</arg>
<arg>chromedriver.exe</arg>
<doc>Makes a variable available everywhere within the local scope.</doc>
<msg timestamp="20220321 15:52:48.210" level="INFO">${driver_name} = chromedriver.exe</msg>
<status status="PASS" starttime="20220321 15:52:48.208" endtime="20220321 15:52:48.210"/>
</kw>
<status status="PASS" starttime="20220321 15:52:48.208" endtime="20220321 15:52:48.210"/>
</branch>
<status status="PASS" starttime="20220321 15:52:48.207" endtime="20220321 15:52:48.210"/>
</if>
<kw name="Open Browser" library="SeleniumLibrary">
<arg>browser=${BROWSER_NAME}</arg>
<arg>executable_path=${EXECDIR}${/}driver${/}${driver_name}</arg>
<doc>Opens a new browser instance to the optional ``url``.</doc>
<msg timestamp="20220321 15:52:48.212" level="INFO">Opening browser 'chrome' to base url 'None'.</msg>
<status status="PASS" starttime="20220321 15:52:48.210" endtime="20220321 15:52:52.008"/>
</kw>
<kw name="Maximize Browser Window" library="SeleniumLibrary">
<doc>Maximizes current browser window.</doc>
<status status="PASS" starttime="20220321 15:52:52.009" endtime="20220321 15:52:52.145"/>
</kw>
<kw name="Set Selenium Implicit Wait" library="SeleniumLibrary">
<arg>30s</arg>
<doc>Sets the implicit wait value used by Selenium.</doc>
<status status="PASS" starttime="20220321 15:52:52.145" endtime="20220321 15:52:52.149"/>
</kw>
<kw name="Go To" library="SeleniumLibrary">
<arg>url=${URL}</arg>
<doc>Navigates the current browser window to the provided ``url``.</doc>
<msg timestamp="20220321 15:52:52.150" level="INFO">Opening url 'https://www.saucedemo.com/'</msg>
<status status="PASS" starttime="20220321 15:52:52.149" endtime="20220321 15:52:52.955"/>
</kw>
<status status="PASS" starttime="20220321 15:52:48.206" endtime="20220321 15:52:52.956"/>
</kw>
<kw name="Verify About Template">
<arg>standard_user</arg>
<arg>secret_sauce</arg>
<arg>sam</arg>
<arg>anu</arg>
<arg>l&amp;t</arg>
<arg>sm@gmail.com</arg>
<arg>2-10</arg>
<arg>India</arg>
<arg>3454565758</arg>
<kw name="Input Text" library="SeleniumLibrary">
<arg>id=user-name</arg>
<arg>${username}</arg>
<doc>Types the given ``text`` into the text field identified by ``locator``.</doc>
<msg timestamp="20220321 15:52:52.960" level="INFO">Typing text 'standard_user' into text field 'id=user-name'.</msg>
<status status="PASS" starttime="20220321 15:52:52.959" endtime="20220321 15:52:53.342"/>
</kw>
<kw name="Input Password" library="SeleniumLibrary">
<arg>id=password</arg>
<arg>${password}</arg>
<doc>Types the given password into the text field identified by ``locator``.</doc>
<msg timestamp="20220321 15:52:53.343" level="INFO">Typing password into text field 'id=password'.</msg>
<msg timestamp="20220321 15:52:53.388" level="INFO">Temporally setting log level to: NONE</msg>
<msg timestamp="20220321 15:52:53.447" level="INFO">Log level changed from NONE to INFO.</msg>
<status status="PASS" starttime="20220321 15:52:53.342" endtime="20220321 15:52:53.447"/>
</kw>
<kw name="Click Element" library="SeleniumLibrary">
<arg>id=login-button</arg>
<doc>Click the element identified by ``locator``.</doc>
<msg timestamp="20220321 15:52:53.447" level="INFO">Clicking element 'id=login-button'.</msg>
<status status="PASS" starttime="20220321 15:52:53.447" endtime="20220321 15:52:53.674"/>
</kw>
<kw name="Page Should Contain" library="SeleniumLibrary">
<arg>Products</arg>
<doc>Verifies that current page contains ``text``.</doc>
<msg timestamp="20220321 15:52:53.703" level="INFO">Current page contains text 'Products'.</msg>
<status status="PASS" starttime="20220321 15:52:53.675" endtime="20220321 15:52:53.703"/>
</kw>
<kw name="Capture Page Screenshot" library="SeleniumLibrary">
<doc>Takes a screenshot of the current page and embeds it into a log file.</doc>
<msg timestamp="20220321 15:52:54.283" level="INFO" html="true">&lt;/td&gt;&lt;/tr&gt;&lt;tr&gt;&lt;td colspan="3"&gt;&lt;a href="selenium-screenshot-67.png"&gt;&lt;img src="selenium-screenshot-67.png" width="800px"&gt;&lt;/a&gt;</msg>
<status status="PASS" starttime="20220321 15:52:53.704" endtime="20220321 15:52:54.283"/>
</kw>
<kw name="Click Element" library="SeleniumLibrary">
<arg>xpath=//*[@id="react-burger-menu-btn"]</arg>
<doc>Click the element identified by ``locator``.</doc>
<msg timestamp="20220321 15:52:54.285" level="INFO">Clicking element 'xpath=//*[@id="react-burger-menu-btn"]'.</msg>
<status status="PASS" starttime="20220321 15:52:54.284" endtime="20220321 15:52:54.360"/>
</kw>
<kw name="Click Element" library="SeleniumLibrary">
<arg>xpath=//*[@id="about_sidebar_link"]</arg>
<doc>Click the element identified by ``locator``.</doc>
<msg timestamp="20220321 15:52:54.361" level="INFO">Clicking element 'xpath=//*[@id="about_sidebar_link"]'.</msg>
<status status="PASS" starttime="20220321 15:52:54.360" endtime="20220321 15:52:58.968"/>
</kw>
<kw name="Click Element" library="SeleniumLibrary">
<arg>id=onetrust-accept-btn-handler</arg>
<doc>Click the element identified by ``locator``.</doc>
<msg timestamp="20220321 15:52:58.969" level="INFO">Clicking element 'id=onetrust-accept-btn-handler'.</msg>
<status status="PASS" starttime="20220321 15:52:58.968" endtime="20220321 15:52:59.132"/>
</kw>
<kw name="Click Element" library="SeleniumLibrary">
<arg>link=Contact</arg>
<doc>Click the element identified by ``locator``.</doc>
<msg timestamp="20220321 15:52:59.133" level="INFO">Clicking element 'link=Contact'.</msg>
<status status="PASS" starttime="20220321 15:52:59.132" endtime="20220321 15:52:59.765"/>
</kw>
<kw name="Click Element" library="SeleniumLibrary">
<arg>xpath=//span[text()="Contact sales"]</arg>
<doc>Click the element identified by ``locator``.</doc>
<msg timestamp="20220321 15:52:59.766" level="INFO">Clicking element 'xpath=//span[text()="Contact sales"]'.</msg>
<status status="PASS" starttime="20220321 15:52:59.765" endtime="20220321 15:53:00.848"/>
</kw>
<kw name="Input Text" library="SeleniumLibrary">
<arg>name=FirstName</arg>
<arg>${firstname}</arg>
<doc>Types the given ``text`` into the text field identified by ``locator``.</doc>
<msg timestamp="20220321 15:53:00.849" level="INFO">Typing text 'sam' into text field 'name=FirstName'.</msg>
<status status="PASS" starttime="20220321 15:53:00.848" endtime="20220321 15:53:02.832"/>
</kw>
<kw name="Input Text" library="SeleniumLibrary">
<arg>name=LastName</arg>
<arg>${lastname}</arg>
<doc>Types the given ``text`` into the text field identified by ``locator``.</doc>
<msg timestamp="20220321 15:53:02.834" level="INFO">Typing text 'anu' into text field 'name=LastName'.</msg>
<status status="PASS" starttime="20220321 15:53:02.833" endtime="20220321 15:53:02.977"/>
</kw>
<kw name="Input Text" library="SeleniumLibrary">
<arg>name=Company</arg>
<arg>${company}</arg>
<doc>Types the given ``text`` into the text field identified by ``locator``.</doc>
<msg timestamp="20220321 15:53:02.980" level="INFO">Typing text 'l&amp;t' into text field 'name=Company'.</msg>
<status status="PASS" starttime="20220321 15:53:02.978" endtime="20220321 15:53:03.247"/>
</kw>
<kw name="Input Text" library="SeleniumLibrary">
<arg>name=Email</arg>
<arg>${business_email}</arg>
<doc>Types the given ``text`` into the text field identified by ``locator``.</doc>
<msg timestamp="20220321 15:53:03.249" level="INFO">Typing text 'sm@gmail.com' into text field 'name=Email'.</msg>
<status status="PASS" starttime="20220321 15:53:03.248" endtime="20220321 15:53:03.377"/>
</kw>
<kw name="Select From List By Value" library="SeleniumLibrary">
<arg>id=Company_Size__c</arg>
<arg>${company_size}</arg>
<doc>Selects options from selection list ``locator`` by ``values``.</doc>
<msg timestamp="20220321 15:53:03.377" level="INFO">Selecting options from selection list 'id=Company_Size__c' by value 2-10.</msg>
<status status="PASS" starttime="20220321 15:53:03.377" endtime="20220321 15:53:03.486"/>
</kw>
<kw name="Select From List By Value" library="SeleniumLibrary">
<arg>id=Country</arg>
<arg>${country}</arg>
<doc>Selects options from selection list ``locator`` by ``values``.</doc>
<msg timestamp="20220321 15:53:03.489" level="INFO">Selecting options from selection list 'id=Country' by value India.</msg>
<status status="PASS" starttime="20220321 15:53:03.487" endtime="20220321 15:53:03.775"/>
</kw>
<kw name="Input Text" library="SeleniumLibrary">
<arg>xpath=//*[@id="Phone"]</arg>
<arg>${phone_number}</arg>
<doc>Types the given ``text`` into the text field identified by ``locator``.</doc>
<msg timestamp="20220321 15:53:03.777" level="INFO">Typing text '3454565758' into text field 'xpath=//*[@id="Phone"]'.</msg>
<status status="PASS" starttime="20220321 15:53:03.776" endtime="20220321 15:53:04.102"/>
</kw>
<kw name="Sleep" library="BuiltIn">
<arg>2s</arg>
<doc>Pauses the test executed for the given time.</doc>
<msg timestamp="20220321 15:53:06.111" level="INFO">Slept 2 seconds</msg>
<status status="PASS" starttime="20220321 15:53:04.102" endtime="20220321 15:53:06.111"/>
</kw>
<kw name="Scroll Element Into View" library="SeleniumLibrary">
<arg>xpath=//button[text()="Submit"]</arg>
<doc>Scrolls the element identified by ``locator`` into view.</doc>
<msg timestamp="20220321 15:53:06.471" level="INFO" html="true">&lt;/td&gt;&lt;/tr&gt;&lt;tr&gt;&lt;td colspan="3"&gt;&lt;a href="selenium-screenshot-68.png"&gt;&lt;img src="selenium-screenshot-68.png" width="800px"&gt;&lt;/a&gt;</msg>
<msg timestamp="20220321 15:53:06.551" level="FAIL">MoveTargetOutOfBoundsException: Message: move target out of bounds
  (Session info: chrome=99.0.4844.74)
</msg>
<status status="FAIL" starttime="20220321 15:53:06.112" endtime="20220321 15:53:06.551"/>
</kw>
<kw name="Sleep" library="BuiltIn">
<arg>2s</arg>
<doc>Pauses the test executed for the given time.</doc>
<status status="NOT RUN" starttime="20220321 15:53:06.552" endtime="20220321 15:53:06.552"/>
</kw>
<kw name="Input Text" library="SeleniumLibrary">
<arg>name="How_did_you_hear_about_Sauce_Labs__c"</arg>
<arg>fjhjkj</arg>
<doc>Types the given ``text`` into the text field identified by ``locator``.</doc>
<status status="NOT RUN" starttime="20220321 15:53:06.552" endtime="20220321 15:53:06.552"/>
</kw>
<kw name="Sleep" library="BuiltIn">
<arg>2s</arg>
<doc>Pauses the test executed for the given time.</doc>
<status status="NOT RUN" starttime="20220321 15:53:06.552" endtime="20220321 15:53:06.552"/>
</kw>
<kw name="Scroll Element Into View" library="SeleniumLibrary">
<arg>xpath=//button[@class="mktoButton"]</arg>
<doc>Scrolls the element identified by ``locator`` into view.</doc>
<status status="NOT RUN" starttime="20220321 15:53:06.553" endtime="20220321 15:53:06.553"/>
</kw>
<kw name="Sleep" library="BuiltIn">
<arg>2s</arg>
<doc>Pauses the test executed for the given time.</doc>
<status status="NOT RUN" starttime="20220321 15:53:06.553" endtime="20220321 15:53:06.553"/>
</kw>
<kw name="Click Element" library="SeleniumLibrary">
<arg>xpath=//button[@type="submit"]</arg>
<doc>Click the element identified by ``locator``.</doc>
<status status="NOT RUN" starttime="20220321 15:53:06.553" endtime="20220321 15:53:06.553"/>
</kw>
<status status="FAIL" starttime="20220321 15:52:52.957" endtime="20220321 15:53:06.554"/>
</kw>
<status status="FAIL" starttime="20220321 15:52:48.205" endtime="20220321 15:53:06.555">MoveTargetOutOfBoundsException: Message: move target out of bounds
  (Session info: chrome=99.0.4844.74)
</status>
</test>
<doc>This suite handles test case related to about details</doc>
<status status="FAIL" starttime="20220321 15:52:47.833" endtime="20220321 15:53:06.565"/>
</suite>
<statistics>
<total>
<stat pass="0" fail="1" skip="0">All Tests</stat>
</total>
<tag>
</tag>
<suite>
<stat pass="0" fail="1" skip="0" id="s1" name="About Suite">About Suite</stat>
</suite>
</statistics>
<errors>
</errors>
</robot>
