<?xml version="1.0" encoding="UTF-8"?>
<robot generator="Robot 4.1.3 (Python 3.10.2 on win32)" generated="20220321 18:16:32.627" rpa="false" schemaversion="2">
<suite id="s1" name="Verify Validcredential Suite" source="D:\ROBOT-SESSION\CAPTION_PROJECT\login_suite\verify_validcredential_suite.robot">
<test id="s1-t1" name="Verify Valid Credential Test">
<kw name="Launch Browser And Navigate To URL" library="CommonFunctionality" type="SETUP">
<if>
<branch type="IF" condition="'${BROWSER_NAME}'=='edge'">
<kw name="Set Local Variable" library="BuiltIn">
<arg>${driver_name}</arg>
<arg>msedgedriver.exe</arg>
<doc>Makes a variable available everywhere within the local scope.</doc>
<status status="NOT RUN" starttime="20220321 18:16:33.049" endtime="20220321 18:16:33.049"/>
</kw>
<status status="NOT RUN" starttime="20220321 18:16:33.049" endtime="20220321 18:16:33.049"/>
</branch>
<branch type="ELSE IF" condition="'${BROWSER_NAME}'== 'ff'">
<kw name="Set Local Variable" library="BuiltIn">
<arg>${driver_name}</arg>
<arg>geckodriver.exe</arg>
<doc>Makes a variable available everywhere within the local scope.</doc>
<status status="NOT RUN" starttime="20220321 18:16:33.049" endtime="20220321 18:16:33.049"/>
</kw>
<status status="NOT RUN" starttime="20220321 18:16:33.049" endtime="20220321 18:16:33.049"/>
</branch>
<branch type="ELSE">
<kw name="Set Local Variable" library="BuiltIn">
<arg>${driver_name}</arg>
<arg>chromedriver.exe</arg>
<doc>Makes a variable available everywhere within the local scope.</doc>
<msg timestamp="20220321 18:16:33.049" level="INFO">${driver_name} = chromedriver.exe</msg>
<status status="PASS" starttime="20220321 18:16:33.049" endtime="20220321 18:16:33.049"/>
</kw>
<status status="PASS" starttime="20220321 18:16:33.049" endtime="20220321 18:16:33.049"/>
</branch>
<status status="PASS" starttime="20220321 18:16:33.049" endtime="20220321 18:16:33.049"/>
</if>
<kw name="Open Browser" library="SeleniumLibrary">
<arg>browser=${BROWSER_NAME}</arg>
<arg>executable_path=${EXECDIR}${/}driver${/}${driver_name}</arg>
<doc>Opens a new browser instance to the optional ``url``.</doc>
<msg timestamp="20220321 18:16:33.049" level="INFO">Opening browser 'chrome' to base url 'None'.</msg>
<status status="PASS" starttime="20220321 18:16:33.049" endtime="20220321 18:16:42.537"/>
</kw>
<kw name="Maximize Browser Window" library="SeleniumLibrary">
<doc>Maximizes current browser window.</doc>
<status status="PASS" starttime="20220321 18:16:42.537" endtime="20220321 18:16:42.741"/>
</kw>
<kw name="Set Selenium Implicit Wait" library="SeleniumLibrary">
<arg>30s</arg>
<doc>Sets the implicit wait value used by Selenium.</doc>
<status status="PASS" starttime="20220321 18:16:42.741" endtime="20220321 18:16:42.741"/>
</kw>
<kw name="Set Screenshot Directory" library="SeleniumLibrary">
<arg>${EXECDIR}${/}screenshot</arg>
<doc>Sets the directory for captured screenshots.</doc>
<status status="PASS" starttime="20220321 18:16:42.741" endtime="20220321 18:16:42.741"/>
</kw>
<kw name="Go To" library="SeleniumLibrary">
<arg>url=${URL}</arg>
<doc>Navigates the current browser window to the provided ``url``.</doc>
<msg timestamp="20220321 18:16:42.741" level="INFO">Opening url 'https://www.saucedemo.com/'</msg>
<status status="PASS" starttime="20220321 18:16:42.741" endtime="20220321 18:16:44.445"/>
</kw>
<status status="PASS" starttime="20220321 18:16:33.049" endtime="20220321 18:16:44.445"/>
</kw>
<kw name="Input Text" library="SeleniumLibrary">
<arg>id=user-name</arg>
<arg>standard_user</arg>
<doc>Types the given ``text`` into the text field identified by ``locator``.</doc>
<msg timestamp="20220321 18:16:44.460" level="INFO">Typing text 'standard_user' into text field 'id=user-name'.</msg>
<status status="PASS" starttime="20220321 18:16:44.445" endtime="20220321 18:16:45.089"/>
</kw>
<kw name="Input Password" library="SeleniumLibrary">
<arg>id=password</arg>
<arg>secret_sauce</arg>
<doc>Types the given password into the text field identified by ``locator``.</doc>
<msg timestamp="20220321 18:16:45.097" level="INFO">Typing password into text field 'id=password'.</msg>
<msg timestamp="20220321 18:16:45.154" level="INFO">Temporally setting log level to: NONE</msg>
<msg timestamp="20220321 18:16:45.221" level="INFO">Log level changed from NONE to INFO.</msg>
<status status="PASS" starttime="20220321 18:16:45.089" endtime="20220321 18:16:45.221"/>
</kw>
<kw name="Click Element" library="SeleniumLibrary">
<arg>id=login-button</arg>
<doc>Click the element identified by ``locator``.</doc>
<msg timestamp="20220321 18:16:45.221" level="INFO">Clicking element 'id=login-button'.</msg>
<status status="PASS" starttime="20220321 18:16:45.221" endtime="20220321 18:16:45.476"/>
</kw>
<kw name="Page Should Contain" library="SeleniumLibrary">
<arg>Products</arg>
<doc>Verifies that current page contains ``text``.</doc>
<msg timestamp="20220321 18:16:45.543" level="INFO">Current page contains text 'Products'.</msg>
<status status="PASS" starttime="20220321 18:16:45.476" endtime="20220321 18:16:45.543"/>
</kw>
<kw name="Capture Page Screenshot" library="SeleniumLibrary">
<doc>Takes a screenshot of the current page and embeds it into a log file.</doc>
<msg timestamp="20220321 18:16:46.444" level="INFO" html="true">&lt;/td&gt;&lt;/tr&gt;&lt;tr&gt;&lt;td colspan="3"&gt;&lt;a href="screenshot/selenium-screenshot-1.png"&gt;&lt;img src="screenshot/selenium-screenshot-1.png" width="800px"&gt;&lt;/a&gt;</msg>
<status status="PASS" starttime="20220321 18:16:45.543" endtime="20220321 18:16:46.444"/>
</kw>
<kw name="Close Browser" library="SeleniumLibrary" type="TEARDOWN">
<doc>Closes the current browser.</doc>
<status status="PASS" starttime="20220321 18:16:46.444" endtime="20220321 18:16:48.848"/>
</kw>
<status status="PASS" starttime="20220321 18:16:33.049" endtime="20220321 18:16:48.848"/>
</test>
<doc>This suite will handles all the test cases related to valid
credential test for swaglabs. Test case - TC_OH_2</doc>
<status status="PASS" starttime="20220321 18:16:32.721" endtime="20220321 18:16:48.848"/>
</suite>
<statistics>
<total>
<stat pass="1" fail="0" skip="0">All Tests</stat>
</total>
<tag>
</tag>
<suite>
<stat pass="1" fail="0" skip="0" id="s1" name="Verify Validcredential Suite">Verify Validcredential Suite</stat>
</suite>
</statistics>
<errors>
</errors>
</robot>
